<!DOCTYPE html>

<html>
  <head>
  <meta charset='utf-8'>
  <title>TestNG reports</title>

    <link type="text/css" href="testng-reports1.css" rel="stylesheet" id="ultra" />
    <link type="text/css" href="testng-reports.css" rel="stylesheet" id="retro" disabled="false"/>
    <script type="text/javascript" src="jquery-3.4.1.min.js"></script>
    <script type="text/javascript" src="testng-reports.js"></script>
    <script type="text/javascript" src="https://www.google.com/jsapi"></script>
    <script type='text/javascript'>
      google.load('visualization', '1', {packages:['table']});
      google.setOnLoadCallback(drawTable);
      var suiteTableInitFunctions = new Array();
      var suiteTableData = new Array();
    </script>
    <!--
      <script type="text/javascript" src="jquery-ui/js/jquery-ui-1.8.16.custom.min.js"></script>
     -->
  </head>

  <body>
    <div class="top-banner-root">
      <span class="top-banner-title-font">Test results</span>
      <button class="button" id="button">Switch Retro Theme</button> <!-- button -->
      <br/>
      <span class="top-banner-font-1">1 suite, 11 failed tests</span>
    </div> <!-- top-banner-root -->
    <div class="navigator-root">
      <div class="navigator-suite-header">
        <span>All suites</span>
        <a href="#" class="collapse-all-link" title="Collapse/expand all the suites">
          <img class="collapse-all-icon" src="collapseall.gif">
          </img> <!-- collapse-all-icon -->
        </a> <!-- collapse-all-link -->
      </div> <!-- navigator-suite-header -->
      <div class="suite">
        <div class="rounded-window">
          <div class="suite-header light-rounded-window-top">
            <a href="#" class="navigator-link" panel-name="suite-Suite">
              <span class="suite-name border-failed">Suite</span>
            </a> <!-- navigator-link -->
          </div> <!-- suite-header light-rounded-window-top -->
          <div class="navigator-suite-content">
            <div class="suite-section-title">
              <span>Info</span>
            </div> <!-- suite-section-title -->
            <div class="suite-section-content">
              <ul>
                <li>
                  <a href="#" class="navigator-link " panel-name="test-xml-Suite">
                    <span>C:\Users\softsuave\eclipse-workspace\BustleFresh2\BustlewithDriver\testng.xml</span>
                  </a> <!-- navigator-link  -->
                </li>
                <li>
                  <a href="#" class="navigator-link " panel-name="testlist-Suite">
                    <span class="test-stats">1 test</span>
                  </a> <!-- navigator-link  -->
                </li>
                <li>
                  <a href="#" class="navigator-link " panel-name="group-Suite">
                    <span>0 groups</span>
                  </a> <!-- navigator-link  -->
                </li>
                <li>
                  <a href="#" class="navigator-link " panel-name="times-Suite">
                    <span>Times</span>
                  </a> <!-- navigator-link  -->
                </li>
                <li>
                  <a href="#" class="navigator-link " panel-name="reporter-Suite">
                    <span>Reporter output</span>
                  </a> <!-- navigator-link  -->
                </li>
                <li>
                  <a href="#" class="navigator-link " panel-name="ignored-methods-Suite">
                    <span>Ignored methods</span>
                  </a> <!-- navigator-link  -->
                </li>
                <li>
                  <a href="#" class="navigator-link " panel-name="chronological-Suite">
                    <span>Chronological view</span>
                  </a> <!-- navigator-link  -->
                </li>
              </ul>
            </div> <!-- suite-section-content -->
            <div class="result-section">
              <div class="suite-section-title">
                <span>Results</span>
              </div> <!-- suite-section-title -->
              <div class="suite-section-content">
                <ul>
                  <li>
                    <span class="method-stats">30 methods, 11 failed,   19 passed</span>
                  </li>
                  <li>
                    <span class="method-list-title failed">Failed methods</span>
                    <span class="show-or-hide-methods failed">
                      <a href="#" panel-name="suite-Suite" class="hide-methods failed suite-Suite"> (hide)</a> <!-- hide-methods failed suite-Suite -->
                      <a href="#" panel-name="suite-Suite" class="show-methods failed suite-Suite"> (show)</a> <!-- show-methods failed suite-Suite -->
                    </span>
                    <div class="method-list-content failed suite-Suite">
                      <span>
                        <img width="3%" src="failed.png"/>
                        <a href="#" class="method navigator-link" panel-name="suite-Suite" title="Bustle.Test.TaskPageTest" hash-for-method="AddTask1">AddTask1</a> <!-- method navigator-link -->
                      </span>
                      <br/>
                      <span>
                        <img width="3%" src="failed.png"/>
                        <a href="#" class="method navigator-link" panel-name="suite-Suite" title="Bustle.Test.TaskPageTest" hash-for-method="AddTask2">AddTask2</a> <!-- method navigator-link -->
                      </span>
                      <br/>
                      <span>
                        <img width="3%" src="failed.png"/>
                        <a href="#" class="method navigator-link" panel-name="suite-Suite" title="Bustle.Test.CreateOrganisationTest" hash-for-method="CreateOrganisation">CreateOrganisation</a> <!-- method navigator-link -->
                      </span>
                      <br/>
                      <span>
                        <img width="3%" src="failed.png"/>
                        <a href="#" class="method navigator-link" panel-name="suite-Suite" title="Bustle.Test.TotalHoursofWork" hash-for-method="TotalHours">TotalHours</a> <!-- method navigator-link -->
                      </span>
                      <br/>
                      <span>
                        <img width="3%" src="failed.png"/>
                        <a href="#" class="method navigator-link" panel-name="suite-Suite" title="Bustle.Test.ActivityTest" hash-for-method="activitytest1">activitytest1</a> <!-- method navigator-link -->
                      </span>
                      <br/>
                      <span>
                        <img width="3%" src="failed.png"/>
                        <a href="#" class="method navigator-link" panel-name="suite-Suite" title="Bustle.Test.ProjectsTest" hash-for-method="addNewMemberToProject">addNewMemberToProject</a> <!-- method navigator-link -->
                      </span>
                      <br/>
                      <span>
                        <img width="3%" src="failed.png"/>
                        <a href="#" class="method navigator-link" panel-name="suite-Suite" title="Bustle.Test.MembersPageTest" hash-for-method="assignProject">assignProject</a> <!-- method navigator-link -->
                      </span>
                      <br/>
                      <span>
                        <img width="3%" src="failed.png"/>
                        <a href="#" class="method navigator-link" panel-name="suite-Suite" title="Bustle.Test.LoginTest" hash-for-method="invalidLoginTest1">invalidLoginTest1</a> <!-- method navigator-link -->
                      </span>
                      <br/>
                      <span>
                        <img width="3%" src="failed.png"/>
                        <a href="#" class="method navigator-link" panel-name="suite-Suite" title="Bustle.Test.MembersPageTest" hash-for-method="selectMember">selectMember</a> <!-- method navigator-link -->
                      </span>
                      <br/>
                      <span>
                        <img width="3%" src="failed.png"/>
                        <a href="#" class="method navigator-link" panel-name="suite-Suite" title="Bustle.Test.ActivityTest" hash-for-method="verifyActivityPage">verifyActivityPage</a> <!-- method navigator-link -->
                      </span>
                      <br/>
                      <span>
                        <img width="3%" src="failed.png"/>
                        <a href="#" class="method navigator-link" panel-name="suite-Suite" title="Bustle.Test.ActivityTest" hash-for-method="viewScreenshotsOfUser">viewScreenshotsOfUser</a> <!-- method navigator-link -->
                      </span>
                      <br/>
                    </div> <!-- method-list-content failed suite-Suite -->
                  </li>
                  <li>
                    <span class="method-list-title passed">Passed methods</span>
                    <span class="show-or-hide-methods passed">
                      <a href="#" panel-name="suite-Suite" class="hide-methods passed suite-Suite"> (hide)</a> <!-- hide-methods passed suite-Suite -->
                      <a href="#" panel-name="suite-Suite" class="show-methods passed suite-Suite"> (show)</a> <!-- show-methods passed suite-Suite -->
                    </span>
                    <div class="method-list-content passed suite-Suite">
                      <span>
                        <img width="3%" src="passed.png"/>
                        <a href="#" class="method navigator-link" panel-name="suite-Suite" title="Bustle.Test.MembersPageTest" hash-for-method="AddMembers">AddMembers</a> <!-- method navigator-link -->
                      </span>
                      <br/>
                      <span>
                        <img width="3%" src="passed.png"/>
                        <a href="#" class="method navigator-link" panel-name="suite-Suite" title="Bustle.Test.ProjectsTest" hash-for-method="ProjectsTest1">ProjectsTest1</a> <!-- method navigator-link -->
                      </span>
                      <br/>
                      <span>
                        <img width="3%" src="passed.png"/>
                        <a href="#" class="method navigator-link" panel-name="suite-Suite" title="Bustle.Test.LoginTest" hash-for-method="continueWithGoogle">continueWithGoogle</a> <!-- method navigator-link -->
                      </span>
                      <br/>
                      <span>
                        <img width="3%" src="passed.png"/>
                        <a href="#" class="method navigator-link" panel-name="suite-Suite" title="Bustle.Test.SignUpTest" hash-for-method="duplicateSignUp">duplicateSignUp</a> <!-- method navigator-link -->
                      </span>
                      <br/>
                      <span>
                        <img width="3%" src="passed.png"/>
                        <a href="#" class="method navigator-link" panel-name="suite-Suite" title="Bustle.Test.ForgotPasswordPageTest" hash-for-method="emptyMailId">emptyMailId</a> <!-- method navigator-link -->
                      </span>
                      <br/>
                      <span>
                        <img width="3%" src="passed.png"/>
                        <a href="#" class="method navigator-link" panel-name="suite-Suite" title="Bustle.Test.LoginTest" hash-for-method="invalidLoginTest2">invalidLoginTest2</a> <!-- method navigator-link -->
                      </span>
                      <br/>
                      <span>
                        <img width="3%" src="passed.png"/>
                        <a href="#" class="method navigator-link" panel-name="suite-Suite" title="Bustle.Test.LoginTest" hash-for-method="invalidLoginTest3">invalidLoginTest3</a> <!-- method navigator-link -->
                      </span>
                      <br/>
                      <span>
                        <img width="3%" src="passed.png"/>
                        <a href="#" class="method navigator-link" panel-name="suite-Suite" title="Bustle.Test.ForgotPasswordPageTest" hash-for-method="invalidMailId">invalidMailId</a> <!-- method navigator-link -->
                      </span>
                      <br/>
                      <span>
                        <img width="3%" src="passed.png"/>
                        <a href="#" class="method navigator-link" panel-name="suite-Suite" title="Bustle.Test.SignUpTest" hash-for-method="invalidSignUp1">invalidSignUp1</a> <!-- method navigator-link -->
                      </span>
                      <br/>
                      <span>
                        <img width="3%" src="passed.png"/>
                        <a href="#" class="method navigator-link" panel-name="suite-Suite" title="Bustle.Test.SignUpTest" hash-for-method="invalidSignUp2">invalidSignUp2</a> <!-- method navigator-link -->
                      </span>
                      <br/>
                      <span>
                        <img width="3%" src="passed.png"/>
                        <a href="#" class="method navigator-link" panel-name="suite-Suite" title="Bustle.Test.SignUpTest" hash-for-method="invalidSignUp3">invalidSignUp3</a> <!-- method navigator-link -->
                      </span>
                      <br/>
                      <span>
                        <img width="3%" src="passed.png"/>
                        <a href="#" class="method navigator-link" panel-name="suite-Suite" title="Bustle.Test.ForgotPasswordPageTest" hash-for-method="returnToLoginPage">returnToLoginPage</a> <!-- method navigator-link -->
                      </span>
                      <br/>
                      <span>
                        <img width="3%" src="passed.png"/>
                        <a href="#" class="method navigator-link" panel-name="suite-Suite" title="Bustle.Test.LoginTest" hash-for-method="validLoginTest">validLoginTest</a> <!-- method navigator-link -->
                      </span>
                      <br/>
                      <span>
                        <img width="3%" src="passed.png"/>
                        <a href="#" class="method navigator-link" panel-name="suite-Suite" title="Bustle.Test.ForgotPasswordPageTest" hash-for-method="validMailId">validMailId</a> <!-- method navigator-link -->
                      </span>
                      <br/>
                      <span>
                        <img width="3%" src="passed.png"/>
                        <a href="#" class="method navigator-link" panel-name="suite-Suite" title="Bustle.Test.ForgotPasswordPageTest" hash-for-method="verifyForgotPasswordPage">verifyForgotPasswordPage</a> <!-- method navigator-link -->
                      </span>
                      <br/>
                      <span>
                        <img width="3%" src="passed.png"/>
                        <a href="#" class="method navigator-link" panel-name="suite-Suite" title="Bustle.Test.LoginTest" hash-for-method="verifyLoginPage">verifyLoginPage</a> <!-- method navigator-link -->
                      </span>
                      <br/>
                      <span>
                        <img width="3%" src="passed.png"/>
                        <a href="#" class="method navigator-link" panel-name="suite-Suite" title="Bustle.Test.MembersPageTest" hash-for-method="verifyMembersPage">verifyMembersPage</a> <!-- method navigator-link -->
                      </span>
                      <br/>
                      <span>
                        <img width="3%" src="passed.png"/>
                        <a href="#" class="method navigator-link" panel-name="suite-Suite" title="Bustle.Test.SignUpTest" hash-for-method="verifySignUpPage">verifySignUpPage</a> <!-- method navigator-link -->
                      </span>
                      <br/>
                      <span>
                        <img width="3%" src="passed.png"/>
                        <a href="#" class="method navigator-link" panel-name="suite-Suite" title="Bustle.Test.ActivityTest" hash-for-method="viewDetailsOfUser">viewDetailsOfUser</a> <!-- method navigator-link -->
                      </span>
                      <br/>
                    </div> <!-- method-list-content passed suite-Suite -->
                  </li>
                </ul>
              </div> <!-- suite-section-content -->
            </div> <!-- result-section -->
          </div> <!-- navigator-suite-content -->
        </div> <!-- rounded-window -->
      </div> <!-- suite -->
    </div> <!-- navigator-root -->
    <div class="wrapper">
      <div class="main-panel-root">
        <div panel-name="suite-Suite" class="panel Suite">
          <div class="suite-Suite-class-failed">
            <div class="main-panel-header rounded-window-top">
              <img src="failed.png"/>
              <span class="class-name">Bustle.Test.MembersPageTest</span>
            </div> <!-- main-panel-header rounded-window-top -->
            <div class="main-panel-content rounded-window-bottom">
              <div class="method">
                <div class="method-content">
                  <a name="assignProject">
                  </a> <!-- assignProject -->
                  <span class="method-name">assignProject</span>
                  <div class="stack-trace">org.openqa.selenium.StaleElementReferenceException: stale element reference: element is not attached to the page document
  (Session info: chrome=84.0.4147.125)
For documentation on this error, please visit: https://www.seleniumhq.org/exceptions/stale_element_reference.html
Build info: version: &apos;3.141.59&apos;, revision: &apos;e82be7d358&apos;, time: &apos;2018-11-14T08:17:03&apos;
System info: host: &apos;DESKTOP-NCQP8K2&apos;, ip: &apos;192.168.4.118&apos;, os.name: &apos;Windows 10&apos;, os.arch: &apos;amd64&apos;, os.version: &apos;10.0&apos;, java.version: &apos;1.8.0_241&apos;
Driver info: org.openqa.selenium.chrome.ChromeDriver
Capabilities {acceptInsecureCerts: false, browserName: chrome, browserVersion: 84.0.4147.125, chrome: {chromedriverVersion: 83.0.4103.39 (ccbf011cb2d2b..., userDataDir: C:\Users\SOFTSU~1\AppData\L...}, goog:chromeOptions: {debuggerAddress: localhost:61022}, javascriptEnabled: true, networkConnectionEnabled: false, pageLoadStrategy: normal, platform: WINDOWS, platformName: WINDOWS, proxy: Proxy(), setWindowRect: true, strictFileInteractability: false, timeouts: {implicit: 0, pageLoad: 300000, script: 30000}, unhandledPromptBehavior: dismiss and notify, webauthn:virtualAuthenticators: true}
Session ID: 832257c3a12a056a0ef038829019d026
	at org.openqa.selenium.remote.http.W3CHttpResponseCodec.createException(W3CHttpResponseCodec.java:187)
	at org.openqa.selenium.remote.http.W3CHttpResponseCodec.decode(W3CHttpResponseCodec.java:122)
	at org.openqa.selenium.remote.http.W3CHttpResponseCodec.decode(W3CHttpResponseCodec.java:49)
	at org.openqa.selenium.remote.HttpCommandExecutor.execute(HttpCommandExecutor.java:158)
	at org.openqa.selenium.remote.service.DriverCommandExecutor.execute(DriverCommandExecutor.java:83)
	at org.openqa.selenium.remote.RemoteWebDriver.execute(RemoteWebDriver.java:552)
	at org.openqa.selenium.remote.RemoteWebElement.execute(RemoteWebElement.java:285)
	at org.openqa.selenium.remote.RemoteWebElement.click(RemoteWebElement.java:84)
	at Bustle.pages.MembersPage.clickOnAssignProject(MembersPage.java:65)
	at Bustle.pages.MembersPage.assignProject(MembersPage.java:122)
	at Bustle.Test.MembersPageTest.assignProject(MembersPageTest.java:34)
	at java.util.ArrayList.forEach(Unknown Source)
... Removed 31 stack frames
</div> <!-- stack-trace -->
                </div> <!-- method-content -->
              </div> <!-- method -->
              <div class="method">
                <div class="method-content">
                  <a name="selectMember">
                  </a> <!-- selectMember -->
                  <span class="method-name">selectMember</span>
                  <div class="stack-trace">org.openqa.selenium.StaleElementReferenceException: stale element reference: element is not attached to the page document
  (Session info: chrome=84.0.4147.125)
For documentation on this error, please visit: https://www.seleniumhq.org/exceptions/stale_element_reference.html
Build info: version: &apos;3.141.59&apos;, revision: &apos;e82be7d358&apos;, time: &apos;2018-11-14T08:17:03&apos;
System info: host: &apos;DESKTOP-NCQP8K2&apos;, ip: &apos;192.168.4.118&apos;, os.name: &apos;Windows 10&apos;, os.arch: &apos;amd64&apos;, os.version: &apos;10.0&apos;, java.version: &apos;1.8.0_241&apos;
Driver info: org.openqa.selenium.chrome.ChromeDriver
Capabilities {acceptInsecureCerts: false, browserName: chrome, browserVersion: 84.0.4147.125, chrome: {chromedriverVersion: 83.0.4103.39 (ccbf011cb2d2b..., userDataDir: C:\Users\SOFTSU~1\AppData\L...}, goog:chromeOptions: {debuggerAddress: localhost:61054}, javascriptEnabled: true, networkConnectionEnabled: false, pageLoadStrategy: normal, platform: WINDOWS, platformName: WINDOWS, proxy: Proxy(), setWindowRect: true, strictFileInteractability: false, timeouts: {implicit: 0, pageLoad: 300000, script: 30000}, unhandledPromptBehavior: dismiss and notify, webauthn:virtualAuthenticators: true}
Session ID: eeeeb5568d315506758e3d4c59354b7b
	at org.openqa.selenium.remote.http.W3CHttpResponseCodec.createException(W3CHttpResponseCodec.java:187)
	at org.openqa.selenium.remote.http.W3CHttpResponseCodec.decode(W3CHttpResponseCodec.java:122)
	at org.openqa.selenium.remote.http.W3CHttpResponseCodec.decode(W3CHttpResponseCodec.java:49)
	at org.openqa.selenium.remote.HttpCommandExecutor.execute(HttpCommandExecutor.java:158)
	at org.openqa.selenium.remote.service.DriverCommandExecutor.execute(DriverCommandExecutor.java:83)
	at org.openqa.selenium.remote.RemoteWebDriver.execute(RemoteWebDriver.java:552)
	at org.openqa.selenium.remote.RemoteWebElement.execute(RemoteWebElement.java:285)
	at org.openqa.selenium.remote.RemoteWebElement.click(RemoteWebElement.java:84)
	at Bustle.pages.MembersPage.clickonMember(MembersPage.java:92)
	at Bustle.Test.MembersPageTest.selectMember(MembersPageTest.java:43)
	at java.util.ArrayList.forEach(Unknown Source)
... Removed 31 stack frames
</div> <!-- stack-trace -->
                </div> <!-- method-content -->
              </div> <!-- method -->
            </div> <!-- main-panel-content rounded-window-bottom -->
          </div> <!-- suite-Suite-class-failed -->
          <div class="suite-Suite-class-failed">
            <div class="main-panel-header rounded-window-top">
              <img src="failed.png"/>
              <span class="class-name">Bustle.Test.TotalHoursofWork</span>
            </div> <!-- main-panel-header rounded-window-top -->
            <div class="main-panel-content rounded-window-bottom">
              <div class="method">
                <div class="method-content">
                  <a name="TotalHours">
                  </a> <!-- TotalHours -->
                  <span class="method-name">TotalHours</span>
                  <div class="stack-trace">java.lang.AssertionError: expected [00:00] but found [02:51]
	at Bustle.pages.ActivityPage.verifyTotalHoursWorkDone(ActivityPage.java:124)
	at Bustle.Test.TotalHoursofWork.TotalHours(TotalHoursofWork.java:18)
	at java.util.ArrayList.forEach(Unknown Source)
... Removed 33 stack frames
</div> <!-- stack-trace -->
                </div> <!-- method-content -->
              </div> <!-- method -->
            </div> <!-- main-panel-content rounded-window-bottom -->
          </div> <!-- suite-Suite-class-failed -->
          <div class="suite-Suite-class-failed">
            <div class="main-panel-header rounded-window-top">
              <img src="failed.png"/>
              <span class="class-name">Bustle.Test.ActivityTest</span>
            </div> <!-- main-panel-header rounded-window-top -->
            <div class="main-panel-content rounded-window-bottom">
              <div class="method">
                <div class="method-content">
                  <a name="activitytest1">
                  </a> <!-- activitytest1 -->
                  <span class="method-name">activitytest1</span>
                  <div class="stack-trace">org.openqa.selenium.ElementClickInterceptedException: element click intercepted: Element &lt;div class=&quot; css-1wa3eu0-placeholder&quot;&gt;...&lt;/div&gt; is not clickable at point (575, 113). Other element would receive the click: &lt;div class=&quot;jss55&quot;&gt;...&lt;/div&gt;
  (Session info: chrome=84.0.4147.125)
Build info: version: &apos;3.141.59&apos;, revision: &apos;e82be7d358&apos;, time: &apos;2018-11-14T08:17:03&apos;
System info: host: &apos;DESKTOP-NCQP8K2&apos;, ip: &apos;192.168.4.118&apos;, os.name: &apos;Windows 10&apos;, os.arch: &apos;amd64&apos;, os.version: &apos;10.0&apos;, java.version: &apos;1.8.0_241&apos;
Driver info: org.openqa.selenium.chrome.ChromeDriver
Capabilities {acceptInsecureCerts: false, browserName: chrome, browserVersion: 84.0.4147.125, chrome: {chromedriverVersion: 83.0.4103.39 (ccbf011cb2d2b..., userDataDir: C:\Users\SOFTSU~1\AppData\L...}, goog:chromeOptions: {debuggerAddress: localhost:61365}, javascriptEnabled: true, networkConnectionEnabled: false, pageLoadStrategy: normal, platform: WINDOWS, platformName: WINDOWS, proxy: Proxy(), setWindowRect: true, strictFileInteractability: false, timeouts: {implicit: 0, pageLoad: 300000, script: 30000}, unhandledPromptBehavior: dismiss and notify, webauthn:virtualAuthenticators: true}
Session ID: 262a4615fcb63ca7209312bccc963b93
	at org.openqa.selenium.remote.http.W3CHttpResponseCodec.createException(W3CHttpResponseCodec.java:187)
	at org.openqa.selenium.remote.http.W3CHttpResponseCodec.decode(W3CHttpResponseCodec.java:122)
	at org.openqa.selenium.remote.http.W3CHttpResponseCodec.decode(W3CHttpResponseCodec.java:49)
	at org.openqa.selenium.remote.HttpCommandExecutor.execute(HttpCommandExecutor.java:158)
	at org.openqa.selenium.remote.service.DriverCommandExecutor.execute(DriverCommandExecutor.java:83)
	at org.openqa.selenium.remote.RemoteWebDriver.execute(RemoteWebDriver.java:552)
	at org.openqa.selenium.remote.RemoteWebElement.execute(RemoteWebElement.java:285)
	at org.openqa.selenium.remote.RemoteWebElement.click(RemoteWebElement.java:84)
	at Bustle.pages.ActivityPage.selectProject(ActivityPage.java:71)
	at Bustle.Test.ActivityTest.activitytest1(ActivityTest.java:15)
	at java.util.ArrayList.forEach(Unknown Source)
... Removed 31 stack frames
</div> <!-- stack-trace -->
                </div> <!-- method-content -->
              </div> <!-- method -->
              <div class="method">
                <div class="method-content">
                  <a name="verifyActivityPage">
                  </a> <!-- verifyActivityPage -->
                  <span class="method-name">verifyActivityPage</span>
                  <div class="stack-trace">java.lang.AssertionError: http://bustle-spot.com/activity: page is not displayed. expected [http://bustle-spot.com/activity] but found [http://bustle-spot.com/login]
	at Bustle.Base.BaseClass.verifyPage(BaseClass.java:49)
	at Bustle.Test.ActivityTest.verifyActivityPage(ActivityTest.java:43)
	at java.util.ArrayList.forEach(Unknown Source)
... Removed 32 stack frames
</div> <!-- stack-trace -->
                </div> <!-- method-content -->
              </div> <!-- method -->
              <div class="method">
                <div class="method-content">
                  <a name="viewScreenshotsOfUser">
                  </a> <!-- viewScreenshotsOfUser -->
                  <span class="method-name">viewScreenshotsOfUser</span>
                  <div class="stack-trace">org.openqa.selenium.ElementClickInterceptedException: element click intercepted: Element &lt;a href=&quot;# &quot; class=&quot;jss161&quot;&gt;...&lt;/a&gt; is not clickable at point (1434, 247). Other element would receive the click: &lt;div class=&quot;ac-btn-sec&quot;&gt;...&lt;/div&gt;
  (Session info: chrome=84.0.4147.125)
Build info: version: &apos;3.141.59&apos;, revision: &apos;e82be7d358&apos;, time: &apos;2018-11-14T08:17:03&apos;
System info: host: &apos;DESKTOP-NCQP8K2&apos;, ip: &apos;192.168.4.118&apos;, os.name: &apos;Windows 10&apos;, os.arch: &apos;amd64&apos;, os.version: &apos;10.0&apos;, java.version: &apos;1.8.0_241&apos;
Driver info: org.openqa.selenium.chrome.ChromeDriver
Capabilities {acceptInsecureCerts: false, browserName: chrome, browserVersion: 84.0.4147.125, chrome: {chromedriverVersion: 83.0.4103.39 (ccbf011cb2d2b..., userDataDir: C:\Users\SOFTSU~1\AppData\L...}, goog:chromeOptions: {debuggerAddress: localhost:61472}, javascriptEnabled: true, networkConnectionEnabled: false, pageLoadStrategy: normal, platform: WINDOWS, platformName: WINDOWS, proxy: Proxy(), setWindowRect: true, strictFileInteractability: false, timeouts: {implicit: 0, pageLoad: 300000, script: 30000}, unhandledPromptBehavior: dismiss and notify, webauthn:virtualAuthenticators: true}
Session ID: cc65fc6a2c0afad8f9c0ff67b9e74b88
	at org.openqa.selenium.remote.http.W3CHttpResponseCodec.createException(W3CHttpResponseCodec.java:187)
	at org.openqa.selenium.remote.http.W3CHttpResponseCodec.decode(W3CHttpResponseCodec.java:122)
	at org.openqa.selenium.remote.http.W3CHttpResponseCodec.decode(W3CHttpResponseCodec.java:49)
	at org.openqa.selenium.remote.HttpCommandExecutor.execute(HttpCommandExecutor.java:158)
	at org.openqa.selenium.remote.service.DriverCommandExecutor.execute(DriverCommandExecutor.java:83)
	at org.openqa.selenium.remote.RemoteWebDriver.execute(RemoteWebDriver.java:552)
	at org.openqa.selenium.remote.RemoteWebElement.execute(RemoteWebElement.java:285)
	at org.openqa.selenium.remote.RemoteWebElement.click(RemoteWebElement.java:84)
	at Bustle.pages.ActivityPage.ViewScreeshot(ActivityPage.java:105)
	at Bustle.Test.ActivityTest.viewScreenshotsOfUser(ActivityTest.java:34)
	at java.util.ArrayList.forEach(Unknown Source)
... Removed 31 stack frames
</div> <!-- stack-trace -->
                </div> <!-- method-content -->
              </div> <!-- method -->
            </div> <!-- main-panel-content rounded-window-bottom -->
          </div> <!-- suite-Suite-class-failed -->
          <div class="suite-Suite-class-failed">
            <div class="main-panel-header rounded-window-top">
              <img src="failed.png"/>
              <span class="class-name">Bustle.Test.TaskPageTest</span>
            </div> <!-- main-panel-header rounded-window-top -->
            <div class="main-panel-content rounded-window-bottom">
              <div class="method">
                <div class="method-content">
                  <a name="AddTask1">
                  </a> <!-- AddTask1 -->
                  <span class="method-name">AddTask1</span>
                  <div class="stack-trace">org.openqa.selenium.StaleElementReferenceException: stale element reference: element is not attached to the page document
  (Session info: chrome=84.0.4147.125)
For documentation on this error, please visit: https://www.seleniumhq.org/exceptions/stale_element_reference.html
Build info: version: &apos;3.141.59&apos;, revision: &apos;e82be7d358&apos;, time: &apos;2018-11-14T08:17:03&apos;
System info: host: &apos;DESKTOP-NCQP8K2&apos;, ip: &apos;192.168.4.118&apos;, os.name: &apos;Windows 10&apos;, os.arch: &apos;amd64&apos;, os.version: &apos;10.0&apos;, java.version: &apos;1.8.0_241&apos;
Driver info: org.openqa.selenium.chrome.ChromeDriver
Capabilities {acceptInsecureCerts: false, browserName: chrome, browserVersion: 84.0.4147.125, chrome: {chromedriverVersion: 83.0.4103.39 (ccbf011cb2d2b..., userDataDir: C:\Users\SOFTSU~1\AppData\L...}, goog:chromeOptions: {debuggerAddress: localhost:61506}, javascriptEnabled: true, networkConnectionEnabled: false, pageLoadStrategy: normal, platform: WINDOWS, platformName: WINDOWS, proxy: Proxy(), setWindowRect: true, strictFileInteractability: false, timeouts: {implicit: 0, pageLoad: 300000, script: 30000}, unhandledPromptBehavior: dismiss and notify, webauthn:virtualAuthenticators: true}
Session ID: e3851ddcd5057ffa3a1b6c46553acc36
	at org.openqa.selenium.remote.http.W3CHttpResponseCodec.createException(W3CHttpResponseCodec.java:187)
	at org.openqa.selenium.remote.http.W3CHttpResponseCodec.decode(W3CHttpResponseCodec.java:122)
	at org.openqa.selenium.remote.http.W3CHttpResponseCodec.decode(W3CHttpResponseCodec.java:49)
	at org.openqa.selenium.remote.HttpCommandExecutor.execute(HttpCommandExecutor.java:158)
	at org.openqa.selenium.remote.service.DriverCommandExecutor.execute(DriverCommandExecutor.java:83)
	at org.openqa.selenium.remote.RemoteWebDriver.execute(RemoteWebDriver.java:552)
	at org.openqa.selenium.remote.RemoteWebElement.execute(RemoteWebElement.java:285)
	at org.openqa.selenium.remote.RemoteWebElement.getText(RemoteWebElement.java:166)
	at Bustle.pages.TasksPage.selectProject(TasksPage.java:52)
	at Bustle.Test.TaskPageTest.AddTask1(TaskPageTest.java:17)
	at java.util.ArrayList.forEach(Unknown Source)
... Removed 31 stack frames
</div> <!-- stack-trace -->
                </div> <!-- method-content -->
              </div> <!-- method -->
              <div class="method">
                <div class="method-content">
                  <a name="AddTask2">
                  </a> <!-- AddTask2 -->
                  <span class="method-name">AddTask2</span>
                  <div class="stack-trace">org.openqa.selenium.StaleElementReferenceException: stale element reference: element is not attached to the page document
  (Session info: chrome=84.0.4147.125)
For documentation on this error, please visit: https://www.seleniumhq.org/exceptions/stale_element_reference.html
Build info: version: &apos;3.141.59&apos;, revision: &apos;e82be7d358&apos;, time: &apos;2018-11-14T08:17:03&apos;
System info: host: &apos;DESKTOP-NCQP8K2&apos;, ip: &apos;192.168.4.118&apos;, os.name: &apos;Windows 10&apos;, os.arch: &apos;amd64&apos;, os.version: &apos;10.0&apos;, java.version: &apos;1.8.0_241&apos;
Driver info: org.openqa.selenium.chrome.ChromeDriver
Capabilities {acceptInsecureCerts: false, browserName: chrome, browserVersion: 84.0.4147.125, chrome: {chromedriverVersion: 83.0.4103.39 (ccbf011cb2d2b..., userDataDir: C:\Users\SOFTSU~1\AppData\L...}, goog:chromeOptions: {debuggerAddress: localhost:61542}, javascriptEnabled: true, networkConnectionEnabled: false, pageLoadStrategy: normal, platform: WINDOWS, platformName: WINDOWS, proxy: Proxy(), setWindowRect: true, strictFileInteractability: false, timeouts: {implicit: 0, pageLoad: 300000, script: 30000}, unhandledPromptBehavior: dismiss and notify, webauthn:virtualAuthenticators: true}
Session ID: b59832198a2982cee40cbcd0c9abe6d0
	at org.openqa.selenium.remote.http.W3CHttpResponseCodec.createException(W3CHttpResponseCodec.java:187)
	at org.openqa.selenium.remote.http.W3CHttpResponseCodec.decode(W3CHttpResponseCodec.java:122)
	at org.openqa.selenium.remote.http.W3CHttpResponseCodec.decode(W3CHttpResponseCodec.java:49)
	at org.openqa.selenium.remote.HttpCommandExecutor.execute(HttpCommandExecutor.java:158)
	at org.openqa.selenium.remote.service.DriverCommandExecutor.execute(DriverCommandExecutor.java:83)
	at org.openqa.selenium.remote.RemoteWebDriver.execute(RemoteWebDriver.java:552)
	at org.openqa.selenium.remote.RemoteWebElement.execute(RemoteWebElement.java:285)
	at org.openqa.selenium.remote.RemoteWebElement.getText(RemoteWebElement.java:166)
	at Bustle.pages.TasksPage.selectProject(TasksPage.java:52)
	at Bustle.pages.TasksPage.addTask(TasksPage.java:69)
	at Bustle.Test.TaskPageTest.AddTask2(TaskPageTest.java:28)
	at java.util.ArrayList.forEach(Unknown Source)
... Removed 31 stack frames
</div> <!-- stack-trace -->
                </div> <!-- method-content -->
              </div> <!-- method -->
            </div> <!-- main-panel-content rounded-window-bottom -->
          </div> <!-- suite-Suite-class-failed -->
          <div class="suite-Suite-class-failed">
            <div class="main-panel-header rounded-window-top">
              <img src="failed.png"/>
              <span class="class-name">Bustle.Test.ProjectsTest</span>
            </div> <!-- main-panel-header rounded-window-top -->
            <div class="main-panel-content rounded-window-bottom">
              <div class="method">
                <div class="method-content">
                  <a name="addNewMemberToProject">
                  </a> <!-- addNewMemberToProject -->
                  <span class="method-name">addNewMemberToProject</span>
                  <div class="stack-trace">org.openqa.selenium.StaleElementReferenceException: stale element reference: element is not attached to the page document
  (Session info: chrome=84.0.4147.125)
For documentation on this error, please visit: https://www.seleniumhq.org/exceptions/stale_element_reference.html
Build info: version: &apos;3.141.59&apos;, revision: &apos;e82be7d358&apos;, time: &apos;2018-11-14T08:17:03&apos;
System info: host: &apos;DESKTOP-NCQP8K2&apos;, ip: &apos;192.168.4.118&apos;, os.name: &apos;Windows 10&apos;, os.arch: &apos;amd64&apos;, os.version: &apos;10.0&apos;, java.version: &apos;1.8.0_241&apos;
Driver info: org.openqa.selenium.chrome.ChromeDriver
Capabilities {acceptInsecureCerts: false, browserName: chrome, browserVersion: 84.0.4147.125, chrome: {chromedriverVersion: 83.0.4103.39 (ccbf011cb2d2b..., userDataDir: C:\Users\SOFTSU~1\AppData\L...}, goog:chromeOptions: {debuggerAddress: localhost:61608}, javascriptEnabled: true, networkConnectionEnabled: false, pageLoadStrategy: normal, platform: WINDOWS, platformName: WINDOWS, proxy: Proxy(), setWindowRect: true, strictFileInteractability: false, timeouts: {implicit: 0, pageLoad: 300000, script: 30000}, unhandledPromptBehavior: dismiss and notify, webauthn:virtualAuthenticators: true}
Session ID: d66925d0be5367eb91bf15b928bc78c8
	at org.openqa.selenium.remote.http.W3CHttpResponseCodec.createException(W3CHttpResponseCodec.java:187)
	at org.openqa.selenium.remote.http.W3CHttpResponseCodec.decode(W3CHttpResponseCodec.java:122)
	at org.openqa.selenium.remote.http.W3CHttpResponseCodec.decode(W3CHttpResponseCodec.java:49)
	at org.openqa.selenium.remote.HttpCommandExecutor.execute(HttpCommandExecutor.java:158)
	at org.openqa.selenium.remote.service.DriverCommandExecutor.execute(DriverCommandExecutor.java:83)
	at org.openqa.selenium.remote.RemoteWebDriver.execute(RemoteWebDriver.java:552)
	at org.openqa.selenium.remote.RemoteWebElement.execute(RemoteWebElement.java:285)
	at org.openqa.selenium.remote.RemoteWebElement.getText(RemoteWebElement.java:166)
	at Bustle.pages.ProjectPage.selectProject(ProjectPage.java:78)
	at Bustle.pages.ProjectPage.addMemberToTheProject(ProjectPage.java:113)
	at Bustle.Test.ProjectsTest.addNewMemberToProject(ProjectsTest.java:24)
	at java.util.ArrayList.forEach(Unknown Source)
... Removed 31 stack frames
</div> <!-- stack-trace -->
                </div> <!-- method-content -->
              </div> <!-- method -->
            </div> <!-- main-panel-content rounded-window-bottom -->
          </div> <!-- suite-Suite-class-failed -->
          <div class="suite-Suite-class-failed">
            <div class="main-panel-header rounded-window-top">
              <img src="failed.png"/>
              <span class="class-name">Bustle.Test.LoginTest</span>
            </div> <!-- main-panel-header rounded-window-top -->
            <div class="main-panel-content rounded-window-bottom">
              <div class="method">
                <div class="method-content">
                  <a name="invalidLoginTest1">
                  </a> <!-- invalidLoginTest1 -->
                  <span class="method-name">invalidLoginTest1</span>
                  <div class="stack-trace">org.openqa.selenium.WebDriverException: chrome not reachable
  (Session info: chrome=84.0.4147.125)
Build info: version: &apos;3.141.59&apos;, revision: &apos;e82be7d358&apos;, time: &apos;2018-11-14T08:17:03&apos;
System info: host: &apos;DESKTOP-NCQP8K2&apos;, ip: &apos;192.168.4.118&apos;, os.name: &apos;Windows 10&apos;, os.arch: &apos;amd64&apos;, os.version: &apos;10.0&apos;, java.version: &apos;1.8.0_241&apos;
Driver info: org.openqa.selenium.chrome.ChromeDriver
Capabilities {acceptInsecureCerts: false, browserName: chrome, browserVersion: 84.0.4147.125, chrome: {chromedriverVersion: 83.0.4103.39 (ccbf011cb2d2b..., userDataDir: C:\Users\SOFTSU~1\AppData\L...}, goog:chromeOptions: {debuggerAddress: localhost:61822}, javascriptEnabled: true, networkConnectionEnabled: false, pageLoadStrategy: normal, platform: WINDOWS, platformName: WINDOWS, proxy: Proxy(), setWindowRect: true, strictFileInteractability: false, timeouts: {implicit: 0, pageLoad: 300000, script: 30000}, unhandledPromptBehavior: dismiss and notify, webauthn:virtualAuthenticators: true}
Session ID: 11fec249ace8ebd8c528317a322c0b7e
*** Element info: {Using=xpath, value=//div[@class=&apos;message-sec&apos;]/p}
	at org.openqa.selenium.remote.http.W3CHttpResponseCodec.createException(W3CHttpResponseCodec.java:187)
	at org.openqa.selenium.remote.http.W3CHttpResponseCodec.decode(W3CHttpResponseCodec.java:122)
	at org.openqa.selenium.remote.http.W3CHttpResponseCodec.decode(W3CHttpResponseCodec.java:49)
	at org.openqa.selenium.remote.HttpCommandExecutor.execute(HttpCommandExecutor.java:158)
	at org.openqa.selenium.remote.service.DriverCommandExecutor.execute(DriverCommandExecutor.java:83)
	at org.openqa.selenium.remote.RemoteWebDriver.execute(RemoteWebDriver.java:552)
	at org.openqa.selenium.remote.RemoteWebDriver.findElement(RemoteWebDriver.java:323)
	at org.openqa.selenium.remote.RemoteWebDriver.findElementByXPath(RemoteWebDriver.java:428)
	at org.openqa.selenium.By$ByXPath.findElement(By.java:353)
	at org.openqa.selenium.remote.RemoteWebDriver.findElement(RemoteWebDriver.java:315)
	at org.openqa.selenium.support.ui.ExpectedConditions$7.apply(ExpectedConditions.java:205)
	at org.openqa.selenium.support.ui.ExpectedConditions$7.apply(ExpectedConditions.java:201)
	at org.openqa.selenium.support.ui.FluentWait.until(FluentWait.java:249)
	at Bustle.Base.BaseClass.waitForElement(BaseClass.java:38)
	at Bustle.pages.LoginPage.verifyErrorMsg(LoginPage.java:53)
	at Bustle.Test.LoginTest.invalidLoginTest1(LoginTest.java:38)
	at java.util.ArrayList.forEach(Unknown Source)
... Removed 31 stack frames
</div> <!-- stack-trace -->
                </div> <!-- method-content -->
              </div> <!-- method -->
            </div> <!-- main-panel-content rounded-window-bottom -->
          </div> <!-- suite-Suite-class-failed -->
          <div class="suite-Suite-class-failed">
            <div class="main-panel-header rounded-window-top">
              <img src="failed.png"/>
              <span class="class-name">Bustle.Test.CreateOrganisationTest</span>
            </div> <!-- main-panel-header rounded-window-top -->
            <div class="main-panel-content rounded-window-bottom">
              <div class="method">
                <div class="method-content">
                  <a name="CreateOrganisation">
                  </a> <!-- CreateOrganisation -->
                  <span class="method-name">CreateOrganisation</span>
                  <div class="stack-trace">org.openqa.selenium.TimeoutException: Expected condition failed: waiting for visibility of element located by By.xpath: //button[.=&apos;Add Organisation&apos;] (tried for 30 second(s) with 500 milliseconds interval)
	at org.openqa.selenium.support.ui.WebDriverWait.timeoutException(WebDriverWait.java:95)
	at org.openqa.selenium.support.ui.FluentWait.until(FluentWait.java:272)
	at Bustle.Base.BaseClass.waitForElement(BaseClass.java:38)
	at Bustle.pages.OrganisationPage.clickonAddOrganisation(OrganisationPage.java:23)
	at Bustle.pages.OrganisationPage.addOrganisation(OrganisationPage.java:59)
	at Bustle.Test.CreateOrganisationTest.CreateOrganisation(CreateOrganisationTest.java:19)
	at java.util.ArrayList.forEach(Unknown Source)
Caused by: org.openqa.selenium.NoSuchElementException: no such element: Unable to locate element: {&quot;method&quot;:&quot;xpath&quot;,&quot;selector&quot;:&quot;//button[.=&apos;Add Organisation&apos;]&quot;}
  (Session info: chrome=84.0.4147.125)
For documentation on this error, please visit: https://www.seleniumhq.org/exceptions/no_such_element.html
Build info: version: &apos;3.141.59&apos;, revision: &apos;e82be7d358&apos;, time: &apos;2018-11-14T08:17:03&apos;
System info: host: &apos;DESKTOP-NCQP8K2&apos;, ip: &apos;192.168.4.118&apos;, os.name: &apos;Windows 10&apos;, os.arch: &apos;amd64&apos;, os.version: &apos;10.0&apos;, java.version: &apos;1.8.0_241&apos;
Driver info: org.openqa.selenium.chrome.ChromeDriver
Capabilities {acceptInsecureCerts: false, browserName: chrome, browserVersion: 84.0.4147.125, chrome: {chromedriverVersion: 83.0.4103.39 (ccbf011cb2d2b..., userDataDir: C:\Users\SOFTSU~1\AppData\L...}, goog:chromeOptions: {debuggerAddress: localhost:61160}, javascriptEnabled: true, networkConnectionEnabled: false, pageLoadStrategy: normal, platform: WINDOWS, platformName: WINDOWS, proxy: Proxy(), setWindowRect: true, strictFileInteractability: false, timeouts: {implicit: 0, pageLoad: 300000, script: 30000}, unhandledPromptBehavior: dismiss and notify, webauthn:virtualAuthenticators: true}
Session ID: 5f3363fe54588833539ce57bf802825c
*** Element info: {Using=xpath, value=//button[.=&apos;Add Organisation&apos;]}
	at org.openqa.selenium.remote.http.W3CHttpResponseCodec.createException(W3CHttpResponseCodec.java:187)
	at org.openqa.selenium.remote.http.W3CHttpResponseCodec.decode(W3CHttpResponseCodec.java:122)
	at org.openqa.selenium.remote.http.W3CHttpResponseCodec.decode(W3CHttpResponseCodec.java:49)
	at org.openqa.selenium.remote.HttpCommandExecutor.execute(HttpCommandExecutor.java:158)
	at org.openqa.selenium.remote.service.DriverCommandExecutor.execute(DriverCommandExecutor.java:83)
	at org.openqa.selenium.remote.RemoteWebDriver.execute(RemoteWebDriver.java:552)
	at org.openqa.selenium.remote.RemoteWebDriver.findElement(RemoteWebDriver.java:323)
	at org.openqa.selenium.remote.RemoteWebDriver.findElementByXPath(RemoteWebDriver.java:428)
	at org.openqa.selenium.By$ByXPath.findElement(By.java:353)
	at org.openqa.selenium.remote.RemoteWebDriver.findElement(RemoteWebDriver.java:315)
	at org.openqa.selenium.support.ui.ExpectedConditions$7.apply(ExpectedConditions.java:205)
	at org.openqa.selenium.support.ui.ExpectedConditions$7.apply(ExpectedConditions.java:201)
	at org.openqa.selenium.support.ui.FluentWait.until(FluentWait.java:249)
	... 32 more
... Removed 31 stack frames
</div> <!-- stack-trace -->
                </div> <!-- method-content -->
              </div> <!-- method -->
            </div> <!-- main-panel-content rounded-window-bottom -->
          </div> <!-- suite-Suite-class-failed -->
          <div class="suite-Suite-class-passed">
            <div class="main-panel-header rounded-window-top">
              <img src="passed.png"/>
              <span class="class-name">Bustle.Test.MembersPageTest</span>
            </div> <!-- main-panel-header rounded-window-top -->
            <div class="main-panel-content rounded-window-bottom">
              <div class="method">
                <div class="method-content">
                  <a name="AddMembers">
                  </a> <!-- AddMembers -->
                  <span class="method-name">AddMembers</span>
                </div> <!-- method-content -->
              </div> <!-- method -->
              <div class="method">
                <div class="method-content">
                  <a name="verifyMembersPage">
                  </a> <!-- verifyMembersPage -->
                  <span class="method-name">verifyMembersPage</span>
                </div> <!-- method-content -->
              </div> <!-- method -->
            </div> <!-- main-panel-content rounded-window-bottom -->
          </div> <!-- suite-Suite-class-passed -->
          <div class="suite-Suite-class-passed">
            <div class="main-panel-header rounded-window-top">
              <img src="passed.png"/>
              <span class="class-name">Bustle.Test.ActivityTest</span>
            </div> <!-- main-panel-header rounded-window-top -->
            <div class="main-panel-content rounded-window-bottom">
              <div class="method">
                <div class="method-content">
                  <a name="viewDetailsOfUser">
                  </a> <!-- viewDetailsOfUser -->
                  <span class="method-name">viewDetailsOfUser</span>
                </div> <!-- method-content -->
              </div> <!-- method -->
            </div> <!-- main-panel-content rounded-window-bottom -->
          </div> <!-- suite-Suite-class-passed -->
          <div class="suite-Suite-class-passed">
            <div class="main-panel-header rounded-window-top">
              <img src="passed.png"/>
              <span class="class-name">Bustle.Test.ForgotPasswordPageTest</span>
            </div> <!-- main-panel-header rounded-window-top -->
            <div class="main-panel-content rounded-window-bottom">
              <div class="method">
                <div class="method-content">
                  <a name="emptyMailId">
                  </a> <!-- emptyMailId -->
                  <span class="method-name">emptyMailId</span>
                </div> <!-- method-content -->
              </div> <!-- method -->
              <div class="method">
                <div class="method-content">
                  <a name="invalidMailId">
                  </a> <!-- invalidMailId -->
                  <span class="method-name">invalidMailId</span>
                </div> <!-- method-content -->
              </div> <!-- method -->
              <div class="method">
                <div class="method-content">
                  <a name="returnToLoginPage">
                  </a> <!-- returnToLoginPage -->
                  <span class="method-name">returnToLoginPage</span>
                </div> <!-- method-content -->
              </div> <!-- method -->
              <div class="method">
                <div class="method-content">
                  <a name="validMailId">
                  </a> <!-- validMailId -->
                  <span class="method-name">validMailId</span>
                </div> <!-- method-content -->
              </div> <!-- method -->
              <div class="method">
                <div class="method-content">
                  <a name="verifyForgotPasswordPage">
                  </a> <!-- verifyForgotPasswordPage -->
                  <span class="method-name">verifyForgotPasswordPage</span>
                </div> <!-- method-content -->
              </div> <!-- method -->
            </div> <!-- main-panel-content rounded-window-bottom -->
          </div> <!-- suite-Suite-class-passed -->
          <div class="suite-Suite-class-passed">
            <div class="main-panel-header rounded-window-top">
              <img src="passed.png"/>
              <span class="class-name">Bustle.Test.ProjectsTest</span>
            </div> <!-- main-panel-header rounded-window-top -->
            <div class="main-panel-content rounded-window-bottom">
              <div class="method">
                <div class="method-content">
                  <a name="ProjectsTest1">
                  </a> <!-- ProjectsTest1 -->
                  <span class="method-name">ProjectsTest1</span>
                </div> <!-- method-content -->
              </div> <!-- method -->
            </div> <!-- main-panel-content rounded-window-bottom -->
          </div> <!-- suite-Suite-class-passed -->
          <div class="suite-Suite-class-passed">
            <div class="main-panel-header rounded-window-top">
              <img src="passed.png"/>
              <span class="class-name">Bustle.Test.LoginTest</span>
            </div> <!-- main-panel-header rounded-window-top -->
            <div class="main-panel-content rounded-window-bottom">
              <div class="method">
                <div class="method-content">
                  <a name="continueWithGoogle">
                  </a> <!-- continueWithGoogle -->
                  <span class="method-name">continueWithGoogle</span>
                </div> <!-- method-content -->
              </div> <!-- method -->
              <div class="method">
                <div class="method-content">
                  <a name="invalidLoginTest2">
                  </a> <!-- invalidLoginTest2 -->
                  <span class="method-name">invalidLoginTest2</span>
                </div> <!-- method-content -->
              </div> <!-- method -->
              <div class="method">
                <div class="method-content">
                  <a name="invalidLoginTest3">
                  </a> <!-- invalidLoginTest3 -->
                  <span class="method-name">invalidLoginTest3</span>
                </div> <!-- method-content -->
              </div> <!-- method -->
              <div class="method">
                <div class="method-content">
                  <a name="validLoginTest">
                  </a> <!-- validLoginTest -->
                  <span class="method-name">validLoginTest</span>
                </div> <!-- method-content -->
              </div> <!-- method -->
              <div class="method">
                <div class="method-content">
                  <a name="verifyLoginPage">
                  </a> <!-- verifyLoginPage -->
                  <span class="method-name">verifyLoginPage</span>
                </div> <!-- method-content -->
              </div> <!-- method -->
            </div> <!-- main-panel-content rounded-window-bottom -->
          </div> <!-- suite-Suite-class-passed -->
          <div class="suite-Suite-class-passed">
            <div class="main-panel-header rounded-window-top">
              <img src="passed.png"/>
              <span class="class-name">Bustle.Test.SignUpTest</span>
            </div> <!-- main-panel-header rounded-window-top -->
            <div class="main-panel-content rounded-window-bottom">
              <div class="method">
                <div class="method-content">
                  <a name="duplicateSignUp">
                  </a> <!-- duplicateSignUp -->
                  <span class="method-name">duplicateSignUp</span>
                </div> <!-- method-content -->
              </div> <!-- method -->
              <div class="method">
                <div class="method-content">
                  <a name="invalidSignUp1">
                  </a> <!-- invalidSignUp1 -->
                  <span class="method-name">invalidSignUp1</span>
                </div> <!-- method-content -->
              </div> <!-- method -->
              <div class="method">
                <div class="method-content">
                  <a name="invalidSignUp2">
                  </a> <!-- invalidSignUp2 -->
                  <span class="method-name">invalidSignUp2</span>
                </div> <!-- method-content -->
              </div> <!-- method -->
              <div class="method">
                <div class="method-content">
                  <a name="invalidSignUp3">
                  </a> <!-- invalidSignUp3 -->
                  <span class="method-name">invalidSignUp3</span>
                </div> <!-- method-content -->
              </div> <!-- method -->
              <div class="method">
                <div class="method-content">
                  <a name="verifySignUpPage">
                  </a> <!-- verifySignUpPage -->
                  <span class="method-name">verifySignUpPage</span>
                </div> <!-- method-content -->
              </div> <!-- method -->
            </div> <!-- main-panel-content rounded-window-bottom -->
          </div> <!-- suite-Suite-class-passed -->
        </div> <!-- panel Suite -->
        <div panel-name="test-xml-Suite" class="panel">
          <div class="main-panel-header rounded-window-top">
            <span class="header-content">C:\Users\softsuave\eclipse-workspace\BustleFresh2\BustlewithDriver\testng.xml</span>
          </div> <!-- main-panel-header rounded-window-top -->
          <div class="main-panel-content rounded-window-bottom">
            <pre>
&lt;?xml version=&quot;1.0&quot; encoding=&quot;UTF-8&quot;?&gt;
&lt;!DOCTYPE suite SYSTEM &quot;https://testng.org/testng-1.0.dtd&quot;&gt;
&lt;suite guice-stage=&quot;DEVELOPMENT&quot; name=&quot;Suite&quot;&gt;
  &lt;test thread-count=&quot;5&quot; name=&quot;Test&quot;&gt;
    &lt;classes&gt;
      &lt;class name=&quot;Bustle.Test.MembersPageTest&quot;/&gt;
      &lt;class name=&quot;Bustle.Test.TotalHoursofWork&quot;/&gt;
      &lt;class name=&quot;Bustle.Test.CreateOrganisationTest&quot;/&gt;
      &lt;class name=&quot;Bustle.Test.SignUpTest&quot;/&gt;
      &lt;class name=&quot;Bustle.Test.ActivityTest&quot;/&gt;
      &lt;class name=&quot;Bustle.Test.TaskPageTest&quot;/&gt;
      &lt;class name=&quot;Bustle.Test.ProjectsTest&quot;/&gt;
      &lt;class name=&quot;Bustle.Test.ForgotPasswordPageTest&quot;/&gt;
      &lt;class name=&quot;Bustle.Test.LoginTest&quot;/&gt;
    &lt;/classes&gt;
  &lt;/test&gt; &lt;!-- Test --&gt;
&lt;/suite&gt; &lt;!-- Suite --&gt;
            </pre>
          </div> <!-- main-panel-content rounded-window-bottom -->
        </div> <!-- panel -->
        <div panel-name="testlist-Suite" class="panel">
          <div class="main-panel-header rounded-window-top">
            <span class="header-content">Tests for Suite</span>
          </div> <!-- main-panel-header rounded-window-top -->
          <div class="main-panel-content rounded-window-bottom">
            <ul>
              <li>
                <span class="test-name">Test (9 classes)</span>
              </li>
            </ul>
          </div> <!-- main-panel-content rounded-window-bottom -->
        </div> <!-- panel -->
        <div panel-name="group-Suite" class="panel">
          <div class="main-panel-header rounded-window-top">
            <span class="header-content">Groups for Suite</span>
          </div> <!-- main-panel-header rounded-window-top -->
          <div class="main-panel-content rounded-window-bottom">
          </div> <!-- main-panel-content rounded-window-bottom -->
        </div> <!-- panel -->
        <div panel-name="times-Suite" class="panel">
          <div class="main-panel-header rounded-window-top">
            <span class="header-content">Times for Suite</span>
          </div> <!-- main-panel-header rounded-window-top -->
          <div class="main-panel-content rounded-window-bottom">
            <div class="times-div">
              <script type="text/javascript">
suiteTableInitFunctions.push('tableData_Suite');
function tableData_Suite() {
var data = new google.visualization.DataTable();
data.addColumn('number', 'Number');
data.addColumn('string', 'Method');
data.addColumn('string', 'Class');
data.addColumn('number', 'Time (ms)');
data.addRows(30);
data.setCell(0, 0, 0)
data.setCell(0, 1, 'CreateOrganisation')
data.setCell(0, 2, 'Bustle.Test.CreateOrganisationTest')
data.setCell(0, 3, 32550);
data.setCell(1, 0, 1)
data.setCell(1, 1, 'invalidLoginTest1')
data.setCell(1, 2, 'Bustle.Test.LoginTest')
data.setCell(1, 3, 12940);
data.setCell(2, 0, 2)
data.setCell(2, 1, 'validLoginTest')
data.setCell(2, 2, 'Bustle.Test.LoginTest')
data.setCell(2, 3, 1652);
data.setCell(3, 0, 3)
data.setCell(3, 1, 'activitytest1')
data.setCell(3, 2, 'Bustle.Test.ActivityTest')
data.setCell(3, 3, 1585);
data.setCell(4, 0, 4)
data.setCell(4, 1, 'AddTask1')
data.setCell(4, 2, 'Bustle.Test.TaskPageTest')
data.setCell(4, 3, 1581);
data.setCell(5, 0, 5)
data.setCell(5, 1, 'viewScreenshotsOfUser')
data.setCell(5, 2, 'Bustle.Test.ActivityTest')
data.setCell(5, 3, 1556);
data.setCell(6, 0, 6)
data.setCell(6, 1, 'ProjectsTest1')
data.setCell(6, 2, 'Bustle.Test.ProjectsTest')
data.setCell(6, 3, 1293);
data.setCell(7, 0, 7)
data.setCell(7, 1, 'duplicateSignUp')
data.setCell(7, 2, 'Bustle.Test.SignUpTest')
data.setCell(7, 3, 1285);
data.setCell(8, 0, 8)
data.setCell(8, 1, 'selectMember')
data.setCell(8, 2, 'Bustle.Test.MembersPageTest')
data.setCell(8, 3, 1101);
data.setCell(9, 0, 9)
data.setCell(9, 1, 'AddTask2')
data.setCell(9, 2, 'Bustle.Test.TaskPageTest')
data.setCell(9, 3, 1092);
data.setCell(10, 0, 10)
data.setCell(10, 1, 'AddMembers')
data.setCell(10, 2, 'Bustle.Test.MembersPageTest')
data.setCell(10, 3, 1075);
data.setCell(11, 0, 11)
data.setCell(11, 1, 'validMailId')
data.setCell(11, 2, 'Bustle.Test.ForgotPasswordPageTest')
data.setCell(11, 3, 987);
data.setCell(12, 0, 12)
data.setCell(12, 1, 'invalidLoginTest2')
data.setCell(12, 2, 'Bustle.Test.LoginTest')
data.setCell(12, 3, 875);
data.setCell(13, 0, 13)
data.setCell(13, 1, 'assignProject')
data.setCell(13, 2, 'Bustle.Test.MembersPageTest')
data.setCell(13, 3, 826);
data.setCell(14, 0, 14)
data.setCell(14, 1, 'invalidMailId')
data.setCell(14, 2, 'Bustle.Test.ForgotPasswordPageTest')
data.setCell(14, 3, 805);
data.setCell(15, 0, 15)
data.setCell(15, 1, 'TotalHours')
data.setCell(15, 2, 'Bustle.Test.TotalHoursofWork')
data.setCell(15, 3, 805);
data.setCell(16, 0, 16)
data.setCell(16, 1, 'addNewMemberToProject')
data.setCell(16, 2, 'Bustle.Test.ProjectsTest')
data.setCell(16, 3, 720);
data.setCell(17, 0, 17)
data.setCell(17, 1, 'viewDetailsOfUser')
data.setCell(17, 2, 'Bustle.Test.ActivityTest')
data.setCell(17, 3, 717);
data.setCell(18, 0, 18)
data.setCell(18, 1, 'verifyMembersPage')
data.setCell(18, 2, 'Bustle.Test.MembersPageTest')
data.setCell(18, 3, 667);
data.setCell(19, 0, 19)
data.setCell(19, 1, 'invalidSignUp3')
data.setCell(19, 2, 'Bustle.Test.SignUpTest')
data.setCell(19, 3, 444);
data.setCell(20, 0, 20)
data.setCell(20, 1, 'verifyActivityPage')
data.setCell(20, 2, 'Bustle.Test.ActivityTest')
data.setCell(20, 3, 378);
data.setCell(21, 0, 21)
data.setCell(21, 1, 'invalidSignUp1')
data.setCell(21, 2, 'Bustle.Test.SignUpTest')
data.setCell(21, 3, 328);
data.setCell(22, 0, 22)
data.setCell(22, 1, 'invalidSignUp2')
data.setCell(22, 2, 'Bustle.Test.SignUpTest')
data.setCell(22, 3, 327);
data.setCell(23, 0, 23)
data.setCell(23, 1, 'emptyMailId')
data.setCell(23, 2, 'Bustle.Test.ForgotPasswordPageTest')
data.setCell(23, 3, 189);
data.setCell(24, 0, 24)
data.setCell(24, 1, 'invalidLoginTest3')
data.setCell(24, 2, 'Bustle.Test.LoginTest')
data.setCell(24, 3, 174);
data.setCell(25, 0, 25)
data.setCell(25, 1, 'returnToLoginPage')
data.setCell(25, 2, 'Bustle.Test.ForgotPasswordPageTest')
data.setCell(25, 3, 109);
data.setCell(26, 0, 26)
data.setCell(26, 1, 'verifySignUpPage')
data.setCell(26, 2, 'Bustle.Test.SignUpTest')
data.setCell(26, 3, 66);
data.setCell(27, 0, 27)
data.setCell(27, 1, 'verifyForgotPasswordPage')
data.setCell(27, 2, 'Bustle.Test.ForgotPasswordPageTest')
data.setCell(27, 3, 56);
data.setCell(28, 0, 28)
data.setCell(28, 1, 'continueWithGoogle')
data.setCell(28, 2, 'Bustle.Test.LoginTest')
data.setCell(28, 3, 46);
data.setCell(29, 0, 29)
data.setCell(29, 1, 'verifyLoginPage')
data.setCell(29, 2, 'Bustle.Test.LoginTest')
data.setCell(29, 3, 5);
window.suiteTableData['Suite']= { tableData: data, tableDiv: 'times-div-Suite'}
return data;
}
              </script>
              <span class="suite-total-time">Total running time: 1 minutes</span>
              <div id="times-div-Suite">
              </div> <!-- times-div-Suite -->
            </div> <!-- times-div -->
          </div> <!-- main-panel-content rounded-window-bottom -->
        </div> <!-- panel -->
        <div panel-name="reporter-Suite" class="panel">
          <div class="main-panel-header rounded-window-top">
            <span class="header-content">Reporter output for Suite</span>
          </div> <!-- main-panel-header rounded-window-top -->
          <div class="main-panel-content rounded-window-bottom">
          </div> <!-- main-panel-content rounded-window-bottom -->
        </div> <!-- panel -->
        <div panel-name="ignored-methods-Suite" class="panel">
          <div class="main-panel-header rounded-window-top">
            <span class="header-content">0 ignored methods</span>
          </div> <!-- main-panel-header rounded-window-top -->
          <div class="main-panel-content rounded-window-bottom">
          </div> <!-- main-panel-content rounded-window-bottom -->
        </div> <!-- panel -->
        <div panel-name="chronological-Suite" class="panel">
          <div class="main-panel-header rounded-window-top">
            <span class="header-content">Methods in chronological order</span>
          </div> <!-- main-panel-header rounded-window-top -->
          <div class="main-panel-content rounded-window-bottom">
            <div class="chronological-class">
              <div class="chronological-class-name">Bustle.Test.MembersPageTest</div> <!-- chronological-class-name -->
              <div class="configuration-method before">
                <span class="method-name">driveninitialisation</span>
                <span class="method-start">0 ms</span>
              </div> <!-- configuration-method before -->
              <div class="test-method">
                <span class="method-name">AddMembers</span>
                <span class="method-start">7573 ms</span>
              </div> <!-- test-method -->
              <div class="configuration-method before">
                <span class="method-name">driveninitialisation</span>
                <span class="method-start">8650 ms</span>
              </div> <!-- configuration-method before -->
              <div class="test-method">
                <img src="failed.png">
                </img>
                <span class="method-name">assignProject</span>
                <span class="method-start">15535 ms</span>
              </div> <!-- test-method -->
              <div class="configuration-method before">
                <span class="method-name">driveninitialisation</span>
                <span class="method-start">16364 ms</span>
              </div> <!-- configuration-method before -->
              <div class="test-method">
                <img src="failed.png">
                </img>
                <span class="method-name">selectMember</span>
                <span class="method-start">24682 ms</span>
              </div> <!-- test-method -->
              <div class="configuration-method before">
                <span class="method-name">driveninitialisation</span>
                <span class="method-start">25784 ms</span>
              </div> <!-- configuration-method before -->
              <div class="test-method">
                <span class="method-name">verifyMembersPage</span>
                <span class="method-start">35733 ms</span>
              </div> <!-- test-method -->
            </div> <!-- chronological-class -->
            <div class="chronological-class">
              <div class="chronological-class-name">Bustle.Test.TotalHoursofWork</div> <!-- chronological-class-name -->
              <div class="configuration-method before">
                <span class="method-name">driveninitialisation</span>
                <span class="method-start">36402 ms</span>
              </div> <!-- configuration-method before -->
              <div class="test-method">
                <img src="failed.png">
                </img>
                <span class="method-name">TotalHours</span>
                <span class="method-start">43838 ms</span>
              </div> <!-- test-method -->
            </div> <!-- chronological-class -->
            <div class="chronological-class">
              <div class="chronological-class-name">Bustle.Test.CreateOrganisationTest</div> <!-- chronological-class-name -->
              <div class="configuration-method before">
                <span class="method-name">driveninitialisation</span>
                <span class="method-start">44644 ms</span>
              </div> <!-- configuration-method before -->
              <div class="test-method">
                <img src="failed.png">
                </img>
                <span class="method-name">CreateOrganisation</span>
                <span class="method-start">52385 ms</span>
              </div> <!-- test-method -->
            </div> <!-- chronological-class -->
            <div class="chronological-class">
              <div class="chronological-class-name">Bustle.Test.SignUpTest</div> <!-- chronological-class-name -->
              <div class="configuration-method before">
                <span class="method-name">driveninitialisation</span>
                <span class="method-start">84941 ms</span>
              </div> <!-- configuration-method before -->
              <div class="test-method">
                <span class="method-name">duplicateSignUp</span>
                <span class="method-start">92765 ms</span>
              </div> <!-- test-method -->
              <div class="configuration-method before">
                <span class="method-name">driveninitialisation</span>
                <span class="method-start">94051 ms</span>
              </div> <!-- configuration-method before -->
              <div class="test-method">
                <span class="method-name">invalidSignUp1</span>
                <span class="method-start">102639 ms</span>
              </div> <!-- test-method -->
              <div class="configuration-method before">
                <span class="method-name">driveninitialisation</span>
                <span class="method-start">102968 ms</span>
              </div> <!-- configuration-method before -->
              <div class="test-method">
                <span class="method-name">invalidSignUp2</span>
                <span class="method-start">112449 ms</span>
              </div> <!-- test-method -->
              <div class="configuration-method before">
                <span class="method-name">driveninitialisation</span>
                <span class="method-start">112776 ms</span>
              </div> <!-- configuration-method before -->
              <div class="test-method">
                <span class="method-name">invalidSignUp3</span>
                <span class="method-start">121022 ms</span>
              </div> <!-- test-method -->
              <div class="configuration-method before">
                <span class="method-name">driveninitialisation</span>
                <span class="method-start">121467 ms</span>
              </div> <!-- configuration-method before -->
              <div class="test-method">
                <span class="method-name">verifySignUpPage</span>
                <span class="method-start">129628 ms</span>
              </div> <!-- test-method -->
            </div> <!-- chronological-class -->
            <div class="chronological-class">
              <div class="chronological-class-name">Bustle.Test.ActivityTest</div> <!-- chronological-class-name -->
              <div class="configuration-method before">
                <span class="method-name">driveninitialisation</span>
                <span class="method-start">129695 ms</span>
              </div> <!-- configuration-method before -->
              <div class="test-method">
                <img src="failed.png">
                </img>
                <span class="method-name">activitytest1</span>
                <span class="method-start">138030 ms</span>
              </div> <!-- test-method -->
              <div class="configuration-method before">
                <span class="method-name">driveninitialisation</span>
                <span class="method-start">139616 ms</span>
              </div> <!-- configuration-method before -->
              <div class="test-method">
                <img src="failed.png">
                </img>
                <span class="method-name">verifyActivityPage</span>
                <span class="method-start">147748 ms</span>
              </div> <!-- test-method -->
              <div class="configuration-method before">
                <span class="method-name">driveninitialisation</span>
                <span class="method-start">148128 ms</span>
              </div> <!-- configuration-method before -->
              <div class="test-method">
                <span class="method-name">viewDetailsOfUser</span>
                <span class="method-start">156305 ms</span>
              </div> <!-- test-method -->
              <div class="configuration-method before">
                <span class="method-name">driveninitialisation</span>
                <span class="method-start">157023 ms</span>
              </div> <!-- configuration-method before -->
              <div class="test-method">
                <img src="failed.png">
                </img>
                <span class="method-name">viewScreenshotsOfUser</span>
                <span class="method-start">164767 ms</span>
              </div> <!-- test-method -->
            </div> <!-- chronological-class -->
            <div class="chronological-class">
              <div class="chronological-class-name">Bustle.Test.TaskPageTest</div> <!-- chronological-class-name -->
              <div class="configuration-method before">
                <span class="method-name">driveninitialisation</span>
                <span class="method-start">166326 ms</span>
              </div> <!-- configuration-method before -->
              <div class="test-method">
                <img src="failed.png">
                </img>
                <span class="method-name">AddTask1</span>
                <span class="method-start">174878 ms</span>
              </div> <!-- test-method -->
              <div class="configuration-method before">
                <span class="method-name">driveninitialisation</span>
                <span class="method-start">176461 ms</span>
              </div> <!-- configuration-method before -->
              <div class="test-method">
                <img src="failed.png">
                </img>
                <span class="method-name">AddTask2</span>
                <span class="method-start">184810 ms</span>
              </div> <!-- test-method -->
            </div> <!-- chronological-class -->
            <div class="chronological-class">
              <div class="chronological-class-name">Bustle.Test.ProjectsTest</div> <!-- chronological-class-name -->
              <div class="configuration-method before">
                <span class="method-name">driveninitialisation</span>
                <span class="method-start">185904 ms</span>
              </div> <!-- configuration-method before -->
              <div class="test-method">
                <span class="method-name">ProjectsTest1</span>
                <span class="method-start">194125 ms</span>
              </div> <!-- test-method -->
              <div class="configuration-method before">
                <span class="method-name">driveninitialisation</span>
                <span class="method-start">195419 ms</span>
              </div> <!-- configuration-method before -->
              <div class="test-method">
                <img src="failed.png">
                </img>
                <span class="method-name">addNewMemberToProject</span>
                <span class="method-start">204043 ms</span>
              </div> <!-- test-method -->
            </div> <!-- chronological-class -->
            <div class="chronological-class">
              <div class="chronological-class-name">Bustle.Test.ForgotPasswordPageTest</div> <!-- chronological-class-name -->
              <div class="configuration-method before">
                <span class="method-name">driveninitialisation</span>
                <span class="method-start">204764 ms</span>
              </div> <!-- configuration-method before -->
              <div class="test-method">
                <span class="method-name">emptyMailId</span>
                <span class="method-start">211917 ms</span>
              </div> <!-- test-method -->
              <div class="configuration-method before">
                <span class="method-name">driveninitialisation</span>
                <span class="method-start">212106 ms</span>
              </div> <!-- configuration-method before -->
              <div class="test-method">
                <span class="method-name">invalidMailId</span>
                <span class="method-start">218941 ms</span>
              </div> <!-- test-method -->
              <div class="configuration-method before">
                <span class="method-name">driveninitialisation</span>
                <span class="method-start">219747 ms</span>
              </div> <!-- configuration-method before -->
              <div class="test-method">
                <span class="method-name">returnToLoginPage</span>
                <span class="method-start">226613 ms</span>
              </div> <!-- test-method -->
              <div class="configuration-method before">
                <span class="method-name">driveninitialisation</span>
                <span class="method-start">226722 ms</span>
              </div> <!-- configuration-method before -->
              <div class="test-method">
                <span class="method-name">validMailId</span>
                <span class="method-start">234741 ms</span>
              </div> <!-- test-method -->
              <div class="configuration-method before">
                <span class="method-name">driveninitialisation</span>
                <span class="method-start">235729 ms</span>
              </div> <!-- configuration-method before -->
              <div class="test-method">
                <span class="method-name">verifyForgotPasswordPage</span>
                <span class="method-start">242534 ms</span>
              </div> <!-- test-method -->
            </div> <!-- chronological-class -->
            <div class="chronological-class">
              <div class="chronological-class-name">Bustle.Test.LoginTest</div> <!-- chronological-class-name -->
              <div class="configuration-method before">
                <span class="method-name">driveninitialisation</span>
                <span class="method-start">242592 ms</span>
              </div> <!-- configuration-method before -->
              <div class="test-method">
                <span class="method-name">continueWithGoogle</span>
                <span class="method-start">250603 ms</span>
              </div> <!-- test-method -->
              <div class="configuration-method before">
                <span class="method-name">driveninitialisation</span>
                <span class="method-start">250650 ms</span>
              </div> <!-- configuration-method before -->
              <div class="test-method">
                <img src="failed.png">
                </img>
                <span class="method-name">invalidLoginTest1</span>
                <span class="method-start">258177 ms</span>
              </div> <!-- test-method -->
              <div class="configuration-method before">
                <span class="method-name">driveninitialisation</span>
                <span class="method-start">271118 ms</span>
              </div> <!-- configuration-method before -->
              <div class="test-method">
                <span class="method-name">invalidLoginTest2</span>
                <span class="method-start">277999 ms</span>
              </div> <!-- test-method -->
              <div class="configuration-method before">
                <span class="method-name">driveninitialisation</span>
                <span class="method-start">278875 ms</span>
              </div> <!-- configuration-method before -->
              <div class="test-method">
                <span class="method-name">invalidLoginTest3</span>
                <span class="method-start">285471 ms</span>
              </div> <!-- test-method -->
              <div class="configuration-method before">
                <span class="method-name">driveninitialisation</span>
                <span class="method-start">285645 ms</span>
              </div> <!-- configuration-method before -->
              <div class="test-method">
                <span class="method-name">validLoginTest</span>
                <span class="method-start">292333 ms</span>
              </div> <!-- test-method -->
              <div class="configuration-method before">
                <span class="method-name">driveninitialisation</span>
                <span class="method-start">293986 ms</span>
              </div> <!-- configuration-method before -->
              <div class="test-method">
                <span class="method-name">verifyLoginPage</span>
                <span class="method-start">300545 ms</span>
              </div> <!-- test-method -->
          </div> <!-- main-panel-content rounded-window-bottom -->
        </div> <!-- panel -->
      </div> <!-- main-panel-root -->
    </div> <!-- wrapper -->
  </body>
<script type="text/javascript" src="testng-reports2.js"></script>
</html>
